-------------------------------------------------------------------------------
Test set: com.travelagency.service.FileServiceTest
-------------------------------------------------------------------------------
Tests run: 4, Failures: 0, Errors: 2, Skipped: 0, Time elapsed: 0.238 s <<< FAILURE! -- in com.travelagency.service.FileServiceTest
com.travelagency.service.FileServiceTest.testLoadTripsFromFile -- Time elapsed: 0.168 s <<< ERROR!
com.google.gson.JsonIOException: Abstract classes can't be instantiated! Register an InstanceCreator or a TypeAdapter for this type. Class name: com.travelagency.model.Trip
	at com.google.gson.internal.ConstructorConstructor$3.construct(ConstructorConstructor.java:136)
	at com.google.gson.internal.bind.ReflectiveTypeAdapterFactory$FieldReflectionAdapter.createAccumulator(ReflectiveTypeAdapterFactory.java:427)
	at com.google.gson.internal.bind.ReflectiveTypeAdapterFactory$Adapter.read(ReflectiveTypeAdapterFactory.java:383)
	at com.google.gson.internal.bind.TypeAdapterRuntimeTypeWrapper.read(TypeAdapterRuntimeTypeWrapper.java:40)
	at com.google.gson.internal.bind.CollectionTypeAdapterFactory$Adapter.read(CollectionTypeAdapterFactory.java:82)
	at com.google.gson.internal.bind.CollectionTypeAdapterFactory$Adapter.read(CollectionTypeAdapterFactory.java:61)
	at com.google.gson.Gson.fromJson(Gson.java:1227)
	at com.google.gson.Gson.fromJson(Gson.java:1137)
	at com.google.gson.Gson.fromJson(Gson.java:1107)
	at com.travelagency.service.FileService.loadTripsFromFile(FileService.java:32)
	at com.travelagency.service.FileServiceTest.testLoadTripsFromFile(FileServiceTest.java:84)
	at java.base/java.lang.reflect.Method.invoke(Method.java:580)
	at java.base/java.util.ArrayList.forEach(ArrayList.java:1597)
	at java.base/java.util.ArrayList.forEach(ArrayList.java:1597)

com.travelagency.service.FileServiceTest.testSaveTripsToFile -- Time elapsed: 0.045 s <<< ERROR!
com.google.gson.JsonIOException: Abstract classes can't be instantiated! Register an InstanceCreator or a TypeAdapter for this type. Class name: com.travelagency.model.Trip
	at com.google.gson.internal.ConstructorConstructor$3.construct(ConstructorConstructor.java:136)
	at com.google.gson.internal.bind.ReflectiveTypeAdapterFactory$FieldReflectionAdapter.createAccumulator(ReflectiveTypeAdapterFactory.java:427)
	at com.google.gson.internal.bind.ReflectiveTypeAdapterFactory$Adapter.read(ReflectiveTypeAdapterFactory.java:383)
	at com.google.gson.internal.bind.TypeAdapterRuntimeTypeWrapper.read(TypeAdapterRuntimeTypeWrapper.java:40)
	at com.google.gson.internal.bind.CollectionTypeAdapterFactory$Adapter.read(CollectionTypeAdapterFactory.java:82)
	at com.google.gson.internal.bind.CollectionTypeAdapterFactory$Adapter.read(CollectionTypeAdapterFactory.java:61)
	at com.google.gson.Gson.fromJson(Gson.java:1227)
	at com.google.gson.Gson.fromJson(Gson.java:1137)
	at com.google.gson.Gson.fromJson(Gson.java:1107)
	at com.travelagency.service.FileServiceTest.testSaveTripsToFile(FileServiceTest.java:59)
	at java.base/java.lang.reflect.Method.invoke(Method.java:580)
	at java.base/java.util.ArrayList.forEach(ArrayList.java:1597)
	at java.base/java.util.ArrayList.forEach(ArrayList.java:1597)

